2022-05-31 21:07:02,510 INFO (StartupInfoLogger.java:50)- Starting NovelFrontApplication on wzf with PID 8052 (E:\IDEA\workapace\novel_plus\novel-front\target\classes started by 31615 in E:\IDEA\workapace\novel_plus)
2022-05-31 21:07:02,546 INFO (SpringApplication.java:652)- The following profiles are active: alipay,dev,common-dev,common
2022-05-31 21:07:03,434 INFO (TomcatWebServer.java:90)- Tomcat initialized with port(s): 8080 (http)
2022-05-31 21:07:03,442 INFO (DirectJDKLog.java:173)- Initializing ProtocolHandler ["http-nio-8080"]
2022-05-31 21:07:03,447 INFO (DirectJDKLog.java:173)- Starting service [Tomcat]
2022-05-31 21:07:03,447 INFO (DirectJDKLog.java:173)- Starting Servlet engine: [Apache Tomcat/9.0.24]
2022-05-31 21:07:03,518 INFO (DirectJDKLog.java:173)- Initializing Spring embedded WebApplicationContext
2022-05-31 21:07:03,519 INFO (ServletWebServerApplicationContext.java:284)- Root WebApplicationContext: initialization completed in 939 ms
2022-05-31 21:07:03,865 WARN (CacheConfiguration.java:1795)- Cache: util_cache has a maxElementsInMemory of 0. This might lead to performance degradation or OutOfMemoryError at Terracotta client.From Ehcache 2.0 onwards this has been changed to mean a store with no capacity limit. Set it to 1 if you want no elements cached in memory
2022-05-31 21:07:03,962 INFO (ExecutorConfigurationSupport.java:171)- Initializing ExecutorService 'taskScheduler'
2022-05-31 21:07:04,103 INFO (WelcomePageHandlerMapping.java:58)- Adding welcome page template: index
2022-05-31 21:07:04,131 WARN (TemplateMode.java:150)- [THYMELEAF][main] Template Mode 'LEGACYHTML5' is deprecated. Using Template Mode 'HTML' instead.
2022-05-31 21:07:04,241 INFO (Network2LocalPicSchedule.java:44)- Network2LocalPicSchedule。。。。。。。。。。。。
2022-05-31 21:07:04,243 INFO (DirectJDKLog.java:173)- Starting ProtocolHandler ["http-nio-8080"]
2022-05-31 21:07:04,256 INFO (HikariDataSource.java:110)- HikariPool-1 - Starting...
2022-05-31 21:07:04,257 INFO (TomcatWebServer.java:202)- Tomcat started on port(s): 8080 (http) with context path ''
2022-05-31 21:07:04,260 INFO (StartupInfoLogger.java:59)- Started NovelFrontApplication in 2.214 seconds (JVM running for 2.877)
2022-05-31 21:07:04,360 INFO (HikariDataSource.java:123)- HikariPool-1 - Start completed.
2022-05-31 21:07:11,369 INFO (DirectJDKLog.java:173)- A cookie header was received [1650811499,1650854213,1650942317; Hm_lvt_ecc8b50a3122e6d5e09be7a9e5383e07=1653832616,1653876735,1653878670,1653892923; Authorization=eyJhbGciOiJIUzUxMiJ9.eyJleHAiOjE2NTQ0OTc3MzQsInN1YiI6IntcImlkXCI6MTUxNzc4NDIzNDY0MjEyNDgwMCxcInVzZXJuYW1lXCI6XCIxNTE3NTAxMzIxMVwiLFwic3RhdHVzXCI6MH0iLCJjcmVhdGVkIjoxNjUzODkyOTM0MDMxfQ.tFvzBG_VonmwKM9WnF69ElqUoSwDTV74kmo47072EtWbYzCOMlDT_ZV49jHRUYHYY8itbutKslH40V6jXeR3yA] that contained an invalid cookie. That cookie will be ignored.
 Note: further occurrences of this error will be logged at DEBUG level.
2022-05-31 21:07:11,375 INFO (DirectJDKLog.java:173)- Initializing Spring DispatcherServlet 'dispatcherServlet'
2022-05-31 21:07:11,375 INFO (FrameworkServlet.java:524)- Initializing Servlet 'dispatcherServlet'
2022-05-31 21:07:11,383 INFO (FrameworkServlet.java:546)- Completed initialization in 8 ms
2022-05-31 21:17:04,253 INFO (Network2LocalPicSchedule.java:44)- Network2LocalPicSchedule。。。。。。。。。。。。
2022-05-31 21:27:04,245 INFO (Network2LocalPicSchedule.java:44)- Network2LocalPicSchedule。。。。。。。。。。。。
2022-05-31 21:36:55,388 INFO (StartupInfoLogger.java:50)- Starting NovelFrontApplication on wzf with PID 12112 (E:\IDEA\workapace\novel_plus\novel-front\target\classes started by 31615 in E:\IDEA\workapace\novel_plus)
2022-05-31 21:36:55,390 INFO (SpringApplication.java:652)- The following profiles are active: alipay,dev,common-dev,common
2022-05-31 21:36:56,247 INFO (TomcatWebServer.java:90)- Tomcat initialized with port(s): 8080 (http)
2022-05-31 21:36:56,254 INFO (DirectJDKLog.java:173)- Initializing ProtocolHandler ["http-nio-8080"]
2022-05-31 21:36:56,259 INFO (DirectJDKLog.java:173)- Starting service [Tomcat]
2022-05-31 21:36:56,259 INFO (DirectJDKLog.java:173)- Starting Servlet engine: [Apache Tomcat/9.0.24]
2022-05-31 21:36:56,323 INFO (DirectJDKLog.java:173)- Initializing Spring embedded WebApplicationContext
2022-05-31 21:36:56,323 INFO (ServletWebServerApplicationContext.java:284)- Root WebApplicationContext: initialization completed in 860 ms
2022-05-31 21:36:56,645 WARN (CacheConfiguration.java:1795)- Cache: util_cache has a maxElementsInMemory of 0. This might lead to performance degradation or OutOfMemoryError at Terracotta client.From Ehcache 2.0 onwards this has been changed to mean a store with no capacity limit. Set it to 1 if you want no elements cached in memory
2022-05-31 21:36:56,736 INFO (ExecutorConfigurationSupport.java:171)- Initializing ExecutorService 'taskScheduler'
2022-05-31 21:36:56,881 INFO (WelcomePageHandlerMapping.java:58)- Adding welcome page template: index
2022-05-31 21:36:56,909 WARN (TemplateMode.java:150)- [THYMELEAF][main] Template Mode 'LEGACYHTML5' is deprecated. Using Template Mode 'HTML' instead.
2022-05-31 21:36:57,018 INFO (Network2LocalPicSchedule.java:44)- Network2LocalPicSchedule。。。。。。。。。。。。
2022-05-31 21:36:57,020 INFO (DirectJDKLog.java:173)- Starting ProtocolHandler ["http-nio-8080"]
2022-05-31 21:36:57,039 INFO (HikariDataSource.java:110)- HikariPool-1 - Starting...
2022-05-31 21:36:57,043 INFO (TomcatWebServer.java:202)- Tomcat started on port(s): 8080 (http) with context path ''
2022-05-31 21:36:57,045 INFO (StartupInfoLogger.java:59)- Started NovelFrontApplication in 2.03 seconds (JVM running for 2.598)
2022-05-31 21:36:57,103 INFO (HikariDataSource.java:123)- HikariPool-1 - Start completed.
2022-05-31 21:37:57,737 INFO (DirectJDKLog.java:173)- A cookie header was received [1650811499,1650854213,1650942317; userClientMarkKey=567cd43649c748b0a873de6020638f38; Hm_lvt_ecc8b50a3122e6d5e09be7a9e5383e07=1653876735,1653878670,1653892923,1654002432; Authorization=eyJhbGciOiJIUzUxMiJ9.eyJleHAiOjE2NTQ2MDgxMDksInN1YiI6IntcImlkXCI6MTUxNzc4NDIzNDY0MjEyNDgwMCxcInVzZXJuYW1lXCI6XCIxNTE3NTAxMzIxMVwiLFwic3RhdHVzXCI6MH0iLCJjcmVhdGVkIjoxNjU0MDAzMzA5NzkxfQ.zurOKa_15IIrhpfDM9j3rIkufxJ0K4CgM0yaJ_JTXQO-tP7wwNyswEOzKzSiJwin3dcKLfPL9lAEnYL_tKUx0g; Hm_lpvt_ecc8b50a3122e6d5e09be7a9e5383e07=1654003310] that contained an invalid cookie. That cookie will be ignored.
 Note: further occurrences of this error will be logged at DEBUG level.
2022-05-31 21:37:57,741 INFO (DirectJDKLog.java:173)- Initializing Spring DispatcherServlet 'dispatcherServlet'
2022-05-31 21:37:57,741 INFO (FrameworkServlet.java:524)- Initializing Servlet 'dispatcherServlet'
2022-05-31 21:37:57,747 INFO (FrameworkServlet.java:546)- Completed initialization in 6 ms
2022-05-31 21:46:57,019 INFO (Network2LocalPicSchedule.java:44)- Network2LocalPicSchedule。。。。。。。。。。。。
2022-05-31 21:48:15,714 INFO (StartupInfoLogger.java:50)- Starting NovelFrontApplication on wzf with PID 2948 (E:\IDEA\workapace\novel_plus\novel-front\target\classes started by 31615 in E:\IDEA\workapace\novel_plus)
2022-05-31 21:48:15,717 INFO (SpringApplication.java:652)- The following profiles are active: alipay,dev,common-dev,common
2022-05-31 21:48:16,545 INFO (TomcatWebServer.java:90)- Tomcat initialized with port(s): 8080 (http)
2022-05-31 21:48:16,554 INFO (DirectJDKLog.java:173)- Initializing ProtocolHandler ["http-nio-8080"]
2022-05-31 21:48:16,559 INFO (DirectJDKLog.java:173)- Starting service [Tomcat]
2022-05-31 21:48:16,560 INFO (DirectJDKLog.java:173)- Starting Servlet engine: [Apache Tomcat/9.0.24]
2022-05-31 21:48:16,634 INFO (DirectJDKLog.java:173)- Initializing Spring embedded WebApplicationContext
2022-05-31 21:48:16,634 INFO (ServletWebServerApplicationContext.java:284)- Root WebApplicationContext: initialization completed in 854 ms
2022-05-31 21:48:16,975 WARN (CacheConfiguration.java:1795)- Cache: util_cache has a maxElementsInMemory of 0. This might lead to performance degradation or OutOfMemoryError at Terracotta client.From Ehcache 2.0 onwards this has been changed to mean a store with no capacity limit. Set it to 1 if you want no elements cached in memory
2022-05-31 21:48:17,074 INFO (ExecutorConfigurationSupport.java:171)- Initializing ExecutorService 'taskScheduler'
2022-05-31 21:48:17,216 INFO (WelcomePageHandlerMapping.java:58)- Adding welcome page template: index
2022-05-31 21:48:17,245 WARN (TemplateMode.java:150)- [THYMELEAF][main] Template Mode 'LEGACYHTML5' is deprecated. Using Template Mode 'HTML' instead.
2022-05-31 21:48:17,357 INFO (Network2LocalPicSchedule.java:44)- Network2LocalPicSchedule。。。。。。。。。。。。
2022-05-31 21:48:17,358 INFO (DirectJDKLog.java:173)- Starting ProtocolHandler ["http-nio-8080"]
2022-05-31 21:48:17,371 INFO (HikariDataSource.java:110)- HikariPool-1 - Starting...
2022-05-31 21:48:17,374 INFO (TomcatWebServer.java:202)- Tomcat started on port(s): 8080 (http) with context path ''
2022-05-31 21:48:17,377 INFO (StartupInfoLogger.java:59)- Started NovelFrontApplication in 2.019 seconds (JVM running for 2.58)
2022-05-31 21:48:17,443 INFO (HikariDataSource.java:123)- HikariPool-1 - Start completed.
2022-05-31 21:50:26,703 INFO (StartupInfoLogger.java:50)- Starting NovelFrontApplication on wzf with PID 1812 (E:\IDEA\workapace\novel_plus\novel-front\target\classes started by 31615 in E:\IDEA\workapace\novel_plus)
2022-05-31 21:50:26,706 INFO (SpringApplication.java:652)- The following profiles are active: alipay,dev,common-dev,common
2022-05-31 21:50:27,505 INFO (TomcatWebServer.java:90)- Tomcat initialized with port(s): 8080 (http)
2022-05-31 21:50:27,513 INFO (DirectJDKLog.java:173)- Initializing ProtocolHandler ["http-nio-8080"]
2022-05-31 21:50:27,518 INFO (DirectJDKLog.java:173)- Starting service [Tomcat]
2022-05-31 21:50:27,518 INFO (DirectJDKLog.java:173)- Starting Servlet engine: [Apache Tomcat/9.0.24]
2022-05-31 21:50:27,583 INFO (DirectJDKLog.java:173)- Initializing Spring embedded WebApplicationContext
2022-05-31 21:50:27,583 INFO (ServletWebServerApplicationContext.java:284)- Root WebApplicationContext: initialization completed in 820 ms
2022-05-31 21:50:27,913 WARN (CacheConfiguration.java:1795)- Cache: util_cache has a maxElementsInMemory of 0. This might lead to performance degradation or OutOfMemoryError at Terracotta client.From Ehcache 2.0 onwards this has been changed to mean a store with no capacity limit. Set it to 1 if you want no elements cached in memory
2022-05-31 21:50:28,000 INFO (ExecutorConfigurationSupport.java:171)- Initializing ExecutorService 'taskScheduler'
2022-05-31 21:50:28,129 INFO (WelcomePageHandlerMapping.java:58)- Adding welcome page template: index
2022-05-31 21:50:28,159 WARN (TemplateMode.java:150)- [THYMELEAF][main] Template Mode 'LEGACYHTML5' is deprecated. Using Template Mode 'HTML' instead.
2022-05-31 21:50:28,261 INFO (Network2LocalPicSchedule.java:44)- Network2LocalPicSchedule。。。。。。。。。。。。
2022-05-31 21:50:28,263 INFO (DirectJDKLog.java:173)- Starting ProtocolHandler ["http-nio-8080"]
2022-05-31 21:50:28,274 INFO (HikariDataSource.java:110)- HikariPool-1 - Starting...
2022-05-31 21:50:28,277 INFO (TomcatWebServer.java:202)- Tomcat started on port(s): 8080 (http) with context path ''
2022-05-31 21:50:28,280 INFO (StartupInfoLogger.java:59)- Started NovelFrontApplication in 1.943 seconds (JVM running for 2.59)
2022-05-31 21:50:28,340 INFO (HikariDataSource.java:123)- HikariPool-1 - Start completed.
2022-05-31 21:50:34,708 INFO (DirectJDKLog.java:173)- A cookie header was received [1650811499,1650854213,1650942317; userClientMarkKey=567cd43649c748b0a873de6020638f38; Hm_lvt_ecc8b50a3122e6d5e09be7a9e5383e07=1653876735,1653878670,1653892923,1654002432; Hm_lpvt_ecc8b50a3122e6d5e09be7a9e5383e07=1654004497; Authorization=eyJhbGciOiJIUzUxMiJ9.eyJleHAiOjE2NTQ2MDkyOTcsInN1YiI6IntcImlkXCI6MTUxNzc4NDIzNDY0MjEyNDgwMCxcInVzZXJuYW1lXCI6XCIxNTE3NTAxMzIxMVwiLFwic3RhdHVzXCI6MH0iLCJjcmVhdGVkIjoxNjU0MDA0NDk3MTk2fQ.eYKq-MTN0actI1x3Rm_nTY2iraNrOnNkx79MBXVK9sSGb6HDiVO2gwSUh6wbye_Rkxd4n49bu-IBfFNp4ByCyw] that contained an invalid cookie. That cookie will be ignored.
 Note: further occurrences of this error will be logged at DEBUG level.
2022-05-31 21:50:34,714 INFO (DirectJDKLog.java:173)- Initializing Spring DispatcherServlet 'dispatcherServlet'
2022-05-31 21:50:34,714 INFO (FrameworkServlet.java:524)- Initializing Servlet 'dispatcherServlet'
2022-05-31 21:50:34,718 INFO (FrameworkServlet.java:546)- Completed initialization in 4 ms
2022-05-31 22:00:28,269 INFO (Network2LocalPicSchedule.java:44)- Network2LocalPicSchedule。。。。。。。。。。。。
2022-05-31 22:10:28,265 INFO (Network2LocalPicSchedule.java:44)- Network2LocalPicSchedule。。。。。。。。。。。。
2022-05-31 22:20:28,274 INFO (Network2LocalPicSchedule.java:44)- Network2LocalPicSchedule。。。。。。。。。。。。
