2022-05-14 10:12:39,162 INFO (StartupInfoLogger.java:50)- Starting NovelFrontApplication on wzf with PID 2144 (E:\IDEA\workapace\novel_plus\novel-front\target\classes started by 31615 in E:\IDEA\workapace\novel_plus)
2022-05-14 10:12:39,178 INFO (SpringApplication.java:652)- The following profiles are active: alipay,dev,common-dev,common
2022-05-14 10:12:40,053 INFO (TomcatWebServer.java:90)- Tomcat initialized with port(s): 8080 (http)
2022-05-14 10:12:40,068 INFO (DirectJDKLog.java:173)- Initializing ProtocolHandler ["http-nio-8080"]
2022-05-14 10:12:40,068 INFO (DirectJDKLog.java:173)- Starting service [Tomcat]
2022-05-14 10:12:40,068 INFO (DirectJDKLog.java:173)- Starting Servlet engine: [Apache Tomcat/9.0.24]
2022-05-14 10:12:40,146 INFO (DirectJDKLog.java:173)- Initializing Spring embedded WebApplicationContext
2022-05-14 10:12:40,146 INFO (ServletWebServerApplicationContext.java:284)- Root WebApplicationContext: initialization completed in 890 ms
2022-05-14 10:12:40,521 WARN (CacheConfiguration.java:1795)- Cache: util_cache has a maxElementsInMemory of 0. This might lead to performance degradation or OutOfMemoryError at Terracotta client.From Ehcache 2.0 onwards this has been changed to mean a store with no capacity limit. Set it to 1 if you want no elements cached in memory
2022-05-14 10:12:40,630 INFO (ExecutorConfigurationSupport.java:171)- Initializing ExecutorService 'taskScheduler'
2022-05-14 10:12:40,771 INFO (WelcomePageHandlerMapping.java:58)- Adding welcome page template: index
2022-05-14 10:12:40,802 WARN (TemplateMode.java:150)- [THYMELEAF][main] Template Mode 'LEGACYHTML5' is deprecated. Using Template Mode 'HTML' instead.
2022-05-14 10:12:40,912 INFO (Network2LocalPicSchedule.java:40)- Network2LocalPicSchedule。。。。。。。。。。。。
2022-05-14 10:12:40,912 INFO (DirectJDKLog.java:173)- Starting ProtocolHandler ["http-nio-8080"]
2022-05-14 10:12:40,927 INFO (HikariDataSource.java:110)- HikariPool-1 - Starting...
2022-05-14 10:12:40,927 INFO (TomcatWebServer.java:202)- Tomcat started on port(s): 8080 (http) with context path ''
2022-05-14 10:12:40,927 INFO (StartupInfoLogger.java:59)- Started NovelFrontApplication in 2.234 seconds (JVM running for 3.035)
2022-05-14 10:12:41,005 INFO (HikariDataSource.java:123)- HikariPool-1 - Start completed.
2022-05-14 10:12:55,650 INFO (DirectJDKLog.java:173)- A cookie header was received [1650811499,1650854213,1650942317; Hm_lvt_ecc8b50a3122e6d5e09be7a9e5383e07=1651151290,1651196883,1651197603,1652450316; Authorization=eyJhbGciOiJIUzUxMiJ9.eyJleHAiOjE2NTMwNTcxMzAsInN1YiI6IntcImlkXCI6MTUxNzc4NDIzNDY0MjEyNDgwMCxcInVzZXJuYW1lXCI6XCIxNTE3NTAxMzIxMVwifSIsImNyZWF0ZWQiOjE2NTI0NTIzMzAzMjR9.w93m_wz13CV_iIzU14SYOytLJsdXiUfez5Eh2nt9F8CxQXthaQh1yNb6zrYs8Bt5yQx5JXcgf4wYeLRsXYosOg] that contained an invalid cookie. That cookie will be ignored.
 Note: further occurrences of this error will be logged at DEBUG level.
2022-05-14 10:12:55,656 INFO (DirectJDKLog.java:173)- Initializing Spring DispatcherServlet 'dispatcherServlet'
2022-05-14 10:12:55,656 INFO (FrameworkServlet.java:524)- Initializing Servlet 'dispatcherServlet'
2022-05-14 10:12:55,660 INFO (FrameworkServlet.java:546)- Completed initialization in 4 ms
2022-05-14 10:20:25,596 INFO (StartupInfoLogger.java:50)- Starting NovelFrontApplication on wzf with PID 5140 (E:\IDEA\workapace\novel_plus\novel-front\target\classes started by 31615 in E:\IDEA\workapace\novel_plus)
2022-05-14 10:20:25,598 INFO (SpringApplication.java:652)- The following profiles are active: alipay,dev,common-dev,common
2022-05-14 10:20:26,455 INFO (TomcatWebServer.java:90)- Tomcat initialized with port(s): 8080 (http)
2022-05-14 10:20:26,463 INFO (DirectJDKLog.java:173)- Initializing ProtocolHandler ["http-nio-8080"]
2022-05-14 10:20:26,467 INFO (DirectJDKLog.java:173)- Starting service [Tomcat]
2022-05-14 10:20:26,468 INFO (DirectJDKLog.java:173)- Starting Servlet engine: [Apache Tomcat/9.0.24]
2022-05-14 10:20:26,531 INFO (DirectJDKLog.java:173)- Initializing Spring embedded WebApplicationContext
2022-05-14 10:20:26,531 INFO (ServletWebServerApplicationContext.java:284)- Root WebApplicationContext: initialization completed in 872 ms
2022-05-14 10:20:26,853 WARN (CacheConfiguration.java:1795)- Cache: util_cache has a maxElementsInMemory of 0. This might lead to performance degradation or OutOfMemoryError at Terracotta client.From Ehcache 2.0 onwards this has been changed to mean a store with no capacity limit. Set it to 1 if you want no elements cached in memory
2022-05-14 10:20:26,943 INFO (ExecutorConfigurationSupport.java:171)- Initializing ExecutorService 'taskScheduler'
2022-05-14 10:20:27,072 INFO (WelcomePageHandlerMapping.java:58)- Adding welcome page template: index
2022-05-14 10:20:27,100 WARN (TemplateMode.java:150)- [THYMELEAF][main] Template Mode 'LEGACYHTML5' is deprecated. Using Template Mode 'HTML' instead.
2022-05-14 10:20:27,207 INFO (Network2LocalPicSchedule.java:40)- Network2LocalPicSchedule。。。。。。。。。。。。
2022-05-14 10:20:27,209 INFO (DirectJDKLog.java:173)- Starting ProtocolHandler ["http-nio-8080"]
2022-05-14 10:20:27,220 INFO (HikariDataSource.java:110)- HikariPool-1 - Starting...
2022-05-14 10:20:27,224 INFO (TomcatWebServer.java:202)- Tomcat started on port(s): 8080 (http) with context path ''
2022-05-14 10:20:27,226 INFO (StartupInfoLogger.java:59)- Started NovelFrontApplication in 2.087 seconds (JVM running for 2.863)
2022-05-14 10:20:27,282 INFO (HikariDataSource.java:123)- HikariPool-1 - Start completed.
2022-05-14 10:20:38,492 INFO (DirectJDKLog.java:173)- A cookie header was received [1650811499,1650854213,1650942317; userClientMarkKey=a297ecc3706a4fdf9f0079a5e642bab5; Hm_lvt_ecc8b50a3122e6d5e09be7a9e5383e07=1651196883,1651197603,1652450316,1652494376; Hm_lpvt_ecc8b50a3122e6d5e09be7a9e5383e07=1652494376; Authorization=eyJhbGciOiJIUzUxMiJ9.eyJleHAiOjE2NTMwOTkxOTQsInN1YiI6IntcImlkXCI6MTUxNzc4NDIzNDY0MjEyNDgwMCxcInVzZXJuYW1lXCI6XCIxNTE3NTAxMzIxMVwifSIsImNyZWF0ZWQiOjE2NTI0OTQzOTQ1NTh9.6bdlTFrQwm9myvTr4r4XT8nePi1QjsGStAAbOYYSWf6SBufPFnPAOQNWP7eVCD8Q37J5PdBlyxVkvLdVeteILA] that contained an invalid cookie. That cookie will be ignored.
 Note: further occurrences of this error will be logged at DEBUG level.
2022-05-14 10:20:38,497 INFO (DirectJDKLog.java:173)- Initializing Spring DispatcherServlet 'dispatcherServlet'
2022-05-14 10:20:38,497 INFO (FrameworkServlet.java:524)- Initializing Servlet 'dispatcherServlet'
2022-05-14 10:20:38,503 INFO (FrameworkServlet.java:546)- Completed initialization in 6 ms
2022-05-14 10:24:47,552 INFO (StartupInfoLogger.java:50)- Starting NovelFrontApplication on wzf with PID 6100 (E:\IDEA\workapace\novel_plus\novel-front\target\classes started by 31615 in E:\IDEA\workapace\novel_plus)
2022-05-14 10:24:47,552 INFO (SpringApplication.java:652)- The following profiles are active: alipay,dev,common-dev,common
2022-05-14 10:24:48,349 INFO (TomcatWebServer.java:90)- Tomcat initialized with port(s): 8080 (http)
2022-05-14 10:24:48,349 INFO (DirectJDKLog.java:173)- Initializing ProtocolHandler ["http-nio-8080"]
2022-05-14 10:24:48,349 INFO (DirectJDKLog.java:173)- Starting service [Tomcat]
2022-05-14 10:24:48,365 INFO (DirectJDKLog.java:173)- Starting Servlet engine: [Apache Tomcat/9.0.24]
2022-05-14 10:24:48,412 INFO (DirectJDKLog.java:173)- Initializing Spring embedded WebApplicationContext
2022-05-14 10:24:48,412 INFO (ServletWebServerApplicationContext.java:284)- Root WebApplicationContext: initialization completed in 797 ms
2022-05-14 10:24:48,740 WARN (CacheConfiguration.java:1795)- Cache: util_cache has a maxElementsInMemory of 0. This might lead to performance degradation or OutOfMemoryError at Terracotta client.From Ehcache 2.0 onwards this has been changed to mean a store with no capacity limit. Set it to 1 if you want no elements cached in memory
2022-05-14 10:24:48,818 INFO (ExecutorConfigurationSupport.java:171)- Initializing ExecutorService 'taskScheduler'
2022-05-14 10:24:48,959 INFO (WelcomePageHandlerMapping.java:58)- Adding welcome page template: index
2022-05-14 10:24:48,974 WARN (TemplateMode.java:150)- [THYMELEAF][main] Template Mode 'LEGACYHTML5' is deprecated. Using Template Mode 'HTML' instead.
2022-05-14 10:24:49,083 INFO (Network2LocalPicSchedule.java:40)- Network2LocalPicSchedule。。。。。。。。。。。。
2022-05-14 10:24:49,083 INFO (DirectJDKLog.java:173)- Starting ProtocolHandler ["http-nio-8080"]
2022-05-14 10:24:49,099 INFO (HikariDataSource.java:110)- HikariPool-1 - Starting...
2022-05-14 10:24:49,099 INFO (TomcatWebServer.java:202)- Tomcat started on port(s): 8080 (http) with context path ''
2022-05-14 10:24:49,099 INFO (StartupInfoLogger.java:59)- Started NovelFrontApplication in 1.89 seconds (JVM running for 2.563)
2022-05-14 10:24:49,162 INFO (HikariDataSource.java:123)- HikariPool-1 - Start completed.
2022-05-14 10:24:57,738 INFO (DirectJDKLog.java:173)- A cookie header was received [1650811499,1650854213,1650942317; userClientMarkKey=a297ecc3706a4fdf9f0079a5e642bab5; Hm_lvt_ecc8b50a3122e6d5e09be7a9e5383e07=1651196883,1651197603,1652450316,1652494376; Hm_lpvt_ecc8b50a3122e6d5e09be7a9e5383e07=1652494376; Authorization=eyJhbGciOiJIUzUxMiJ9.eyJleHAiOjE2NTMwOTk2NDMsInN1YiI6IntcImlkXCI6MTUxNzc4NDIzNDY0MjEyNDgwMCxcInVzZXJuYW1lXCI6XCIxNTE3NTAxMzIxMVwifSIsImNyZWF0ZWQiOjE2NTI0OTQ4NDMyODB9.Bus30Mc8BeIFzkMUIcDoE9NY3X5LsklSAW0Xy1ej0frXiSejIDqMs-dI9jzVjWqpynr8pUhllTWpmloXUZyUlg] that contained an invalid cookie. That cookie will be ignored.
 Note: further occurrences of this error will be logged at DEBUG level.
2022-05-14 10:24:57,742 INFO (DirectJDKLog.java:173)- Initializing Spring DispatcherServlet 'dispatcherServlet'
2022-05-14 10:24:57,743 INFO (FrameworkServlet.java:524)- Initializing Servlet 'dispatcherServlet'
2022-05-14 10:24:57,748 INFO (FrameworkServlet.java:546)- Completed initialization in 5 ms
2022-05-14 10:32:51,150 INFO (StartupInfoLogger.java:50)- Starting NovelFrontApplication on wzf with PID 8908 (E:\IDEA\workapace\novel_plus\novel-front\target\classes started by 31615 in E:\IDEA\workapace\novel_plus)
2022-05-14 10:32:51,181 INFO (SpringApplication.java:652)- The following profiles are active: alipay,dev,common-dev,common
2022-05-14 10:32:51,961 INFO (TomcatWebServer.java:90)- Tomcat initialized with port(s): 8080 (http)
2022-05-14 10:32:51,961 INFO (DirectJDKLog.java:173)- Initializing ProtocolHandler ["http-nio-8080"]
2022-05-14 10:32:51,977 INFO (DirectJDKLog.java:173)- Starting service [Tomcat]
2022-05-14 10:32:51,977 INFO (DirectJDKLog.java:173)- Starting Servlet engine: [Apache Tomcat/9.0.24]
2022-05-14 10:32:52,039 INFO (DirectJDKLog.java:173)- Initializing Spring embedded WebApplicationContext
2022-05-14 10:32:52,039 INFO (ServletWebServerApplicationContext.java:284)- Root WebApplicationContext: initialization completed in 827 ms
2022-05-14 10:32:52,367 WARN (CacheConfiguration.java:1795)- Cache: util_cache has a maxElementsInMemory of 0. This might lead to performance degradation or OutOfMemoryError at Terracotta client.From Ehcache 2.0 onwards this has been changed to mean a store with no capacity limit. Set it to 1 if you want no elements cached in memory
2022-05-14 10:32:52,461 INFO (ExecutorConfigurationSupport.java:171)- Initializing ExecutorService 'taskScheduler'
2022-05-14 10:32:52,602 INFO (WelcomePageHandlerMapping.java:58)- Adding welcome page template: index
2022-05-14 10:32:52,617 WARN (TemplateMode.java:150)- [THYMELEAF][main] Template Mode 'LEGACYHTML5' is deprecated. Using Template Mode 'HTML' instead.
2022-05-14 10:32:52,742 INFO (Network2LocalPicSchedule.java:40)- Network2LocalPicSchedule。。。。。。。。。。。。
2022-05-14 10:32:52,742 INFO (DirectJDKLog.java:173)- Starting ProtocolHandler ["http-nio-8080"]
2022-05-14 10:32:52,758 INFO (HikariDataSource.java:110)- HikariPool-1 - Starting...
2022-05-14 10:32:52,758 INFO (TomcatWebServer.java:202)- Tomcat started on port(s): 8080 (http) with context path ''
2022-05-14 10:32:52,758 INFO (StartupInfoLogger.java:59)- Started NovelFrontApplication in 1.983 seconds (JVM running for 2.644)
2022-05-14 10:32:52,836 INFO (HikariDataSource.java:123)- HikariPool-1 - Start completed.
2022-05-14 10:33:02,295 INFO (StartupInfoLogger.java:50)- Starting NovelFrontApplication on wzf with PID 10552 (E:\IDEA\workapace\novel_plus\novel-front\target\classes started by 31615 in E:\IDEA\workapace\novel_plus)
2022-05-14 10:33:02,295 INFO (SpringApplication.java:652)- The following profiles are active: alipay,dev,common-dev,common
2022-05-14 10:33:03,108 INFO (TomcatWebServer.java:90)- Tomcat initialized with port(s): 8080 (http)
2022-05-14 10:33:03,108 INFO (DirectJDKLog.java:173)- Initializing ProtocolHandler ["http-nio-8080"]
2022-05-14 10:33:03,108 INFO (DirectJDKLog.java:173)- Starting service [Tomcat]
2022-05-14 10:33:03,108 INFO (DirectJDKLog.java:173)- Starting Servlet engine: [Apache Tomcat/9.0.24]
2022-05-14 10:33:03,170 INFO (DirectJDKLog.java:173)- Initializing Spring embedded WebApplicationContext
2022-05-14 10:33:03,170 INFO (ServletWebServerApplicationContext.java:284)- Root WebApplicationContext: initialization completed in 812 ms
2022-05-14 10:33:03,483 WARN (CacheConfiguration.java:1795)- Cache: util_cache has a maxElementsInMemory of 0. This might lead to performance degradation or OutOfMemoryError at Terracotta client.From Ehcache 2.0 onwards this has been changed to mean a store with no capacity limit. Set it to 1 if you want no elements cached in memory
2022-05-14 10:33:03,561 INFO (ExecutorConfigurationSupport.java:171)- Initializing ExecutorService 'taskScheduler'
2022-05-14 10:33:03,701 INFO (WelcomePageHandlerMapping.java:58)- Adding welcome page template: index
2022-05-14 10:33:03,717 WARN (TemplateMode.java:150)- [THYMELEAF][main] Template Mode 'LEGACYHTML5' is deprecated. Using Template Mode 'HTML' instead.
2022-05-14 10:33:03,826 INFO (Network2LocalPicSchedule.java:40)- Network2LocalPicSchedule。。。。。。。。。。。。
2022-05-14 10:33:03,826 INFO (DirectJDKLog.java:173)- Starting ProtocolHandler ["http-nio-8080"]
2022-05-14 10:33:03,842 INFO (HikariDataSource.java:110)- HikariPool-1 - Starting...
2022-05-14 10:33:03,842 INFO (TomcatWebServer.java:202)- Tomcat started on port(s): 8080 (http) with context path ''
2022-05-14 10:33:03,842 INFO (StartupInfoLogger.java:59)- Started NovelFrontApplication in 1.922 seconds (JVM running for 2.586)
2022-05-14 10:33:03,904 INFO (HikariDataSource.java:123)- HikariPool-1 - Start completed.
2022-05-14 10:33:08,786 INFO (DirectJDKLog.java:173)- A cookie header was received [1650811499,1650854213,1650942317; userClientMarkKey=a297ecc3706a4fdf9f0079a5e642bab5; Hm_lvt_ecc8b50a3122e6d5e09be7a9e5383e07=1651196883,1651197603,1652450316,1652494376; Hm_lpvt_ecc8b50a3122e6d5e09be7a9e5383e07=1652494376; Authorization=eyJhbGciOiJIUzUxMiJ9.eyJleHAiOjE2NTMwOTk5MDAsInN1YiI6IntcImlkXCI6MTUxNzc4NDIzNDY0MjEyNDgwMCxcInVzZXJuYW1lXCI6XCIxNTE3NTAxMzIxMVwifSIsImNyZWF0ZWQiOjE2NTI0OTUxMDA2MTF9.hAbMQnMp9nY_LNabKHZcARuBGr89X7qSz8cleG0L2u2Gf85ooWANvCjye_w24ldYHL-ST3BRIqNZCWg74c4Rbw] that contained an invalid cookie. That cookie will be ignored.
 Note: further occurrences of this error will be logged at DEBUG level.
2022-05-14 10:33:08,791 INFO (DirectJDKLog.java:173)- Initializing Spring DispatcherServlet 'dispatcherServlet'
2022-05-14 10:33:08,791 INFO (FrameworkServlet.java:524)- Initializing Servlet 'dispatcherServlet'
2022-05-14 10:33:08,795 INFO (FrameworkServlet.java:546)- Completed initialization in 4 ms
